data.dir
├── hhxwb
│   ├── fwu
│   ├── hdtwfpz
│   ├── mbgkr
│   ├── nzuoff
│   ├── pkniivxijvhf
│   │   ├── cr
│   │   ├── fwcsocz
│   │   ├── hi
│   │   ├── kooqjz
│   │   │   ├── dtp
│   │   │   ├── huvge
│   │   │   ├── iyefqwn
│   │   │   └── lsdhww
│   │   ├── mpgvlaqhf
│   │   ├── xssfanfk
│   │   └── zls
│   ├── ygtutwd
│   ├── yx
│   └── zkulbio
└── sakw
    ├── cdsivl
    ├── cucimfsi
    ├── dfwashpdrrawu
    │   ├── ayxnuugkiz
    │   │   ├── dq
    │   │   ├── kpsblp
    │   │   ├── nam
    │   │   └── wdhh
    │   ├── ippwpfl
    │   ├── mzopdvn
    │   ├── nuuromtmi
    │   ├── pdawvv
    │   ├── saouwlqbi
    │   └── xrhf
    ├── frt
    └── uvxnjmjic
